2023-05-28 15:18:01,222 INFO:main.py:240:print_splash_screen:PDB2PQR v3.5.2: biomolecular structure conversion software.
2023-05-28 15:18:01,222 INFO:main.py:242:print_splash_screen:Please cite:  Jurrus E, et al.  Improvements to the APBS biomolecular solvation software suite.  Protein Sci 27 112-128 (2018).
2023-05-28 15:18:01,222 INFO:main.py:242:print_splash_screen:Please cite:  Dolinsky TJ, et al.  PDB2PQR: expanding and upgrading automated preparation of biomolecular structures for molecular simulations. Nucleic Acids Res 35 W522-W525 (2007).
2023-05-28 15:18:01,222 INFO:main.py:752:main_driver:Checking and transforming input arguments.
2023-05-28 15:18:01,224 INFO:main.py:756:main_driver:Loading topology files.
2023-05-28 15:18:01,376 INFO:main.py:758:main_driver:Loading molecule: /raid/ligl/data1/data_ge/test_generate/ALK/3aox/3aox_protein.pdb
2023-05-28 15:18:01,377 ERROR:pdb.py:2584:read_pdb:Error parsing line: invalid literal for int() with base 10: ''
2023-05-28 15:18:01,377 ERROR:pdb.py:2585:read_pdb:<REMARK    GENERATED BY X-TOOL on Tue Nov 20 19:43:02 2012>
2023-05-28 15:18:01,378 ERROR:pdb.py:2587:read_pdb:Truncating remaining errors for record type:REMARK
2023-05-28 15:18:01,434 WARNING:io.py:467:get_molecule:Warning: /raid/ligl/data1/data_ge/test_generate/ALK/3aox/3aox_protein.pdb is a non-standard PDB file.

2023-05-28 15:18:01,436 ERROR:io.py:468:get_molecule:['REMARK']
2023-05-28 15:18:01,436 INFO:main.py:763:main_driver:Setting up molecule.
2023-05-28 15:18:01,498 INFO:main.py:409:setup_molecule:Created biomolecule object with 534 residues and 4929 atoms.
2023-05-28 15:18:01,499 INFO:main.py:767:main_driver:Setting termini states for biomolecule chains.
2023-05-28 15:18:01,521 WARNING:biomolecule.py:600:update_bonds:Gap in backbone detected between GLY A 1123 and GLY A 1128!
2023-05-28 15:18:01,522 WARNING:biomolecule.py:600:update_bonds:Gap in backbone detected between SER A 1136 and PRO A 1144!
2023-05-28 15:18:01,524 WARNING:biomolecule.py:600:update_bonds:Gap in backbone detected between ALA A 1280 and CYS A 1288!
2023-05-28 15:18:01,527 INFO:main.py:603:non_trivial:Loading forcefield.
2023-05-28 15:18:01,556 INFO:main.py:607:non_trivial:Loading hydrogen topology definitions.
2023-05-28 15:18:01,564 WARNING:biomolecule.py:158:num_missing_heavy:Missing atom OXT in residue TYR A 1401
2023-05-28 15:18:01,568 WARNING:biomolecule.py:158:num_missing_heavy:Missing atom OXT in residue TYR A 1401
2023-05-28 15:18:01,568 INFO:main.py:618:non_trivial:Attempting to repair 1 missing atoms in biomolecule.
2023-05-28 15:18:01,571 WARNING:biomolecule.py:158:num_missing_heavy:Missing atom OXT in residue TYR A 1401
2023-05-28 15:18:01,572 WARNING:biomolecule.py:998:repair_heavy:Extra atom HN1 in SER A 1086! - 
2023-05-28 15:18:01,572 WARNING:biomolecule.py:1000:repair_heavy:Deleted this atom.
2023-05-28 15:18:01,572 WARNING:biomolecule.py:998:repair_heavy:Extra atom HN2 in SER A 1086! - 
2023-05-28 15:18:01,572 WARNING:biomolecule.py:1000:repair_heavy:Deleted this atom.
2023-05-28 15:18:01,572 WARNING:biomolecule.py:998:repair_heavy:Extra atom HN3 in SER A 1086! - 
2023-05-28 15:18:01,572 WARNING:biomolecule.py:1000:repair_heavy:Deleted this atom.
2023-05-28 15:18:01,573 WARNING:biomolecule.py:998:repair_heavy:Extra atom HN1 in GLY A 1128! - 
2023-05-28 15:18:01,573 WARNING:biomolecule.py:1000:repair_heavy:Deleted this atom.
2023-05-28 15:18:01,574 WARNING:biomolecule.py:998:repair_heavy:Extra atom HN2 in GLY A 1128! - 
2023-05-28 15:18:01,575 WARNING:biomolecule.py:1000:repair_heavy:Deleted this atom.
2023-05-28 15:18:01,575 WARNING:biomolecule.py:998:repair_heavy:Extra atom HN3 in GLY A 1128! - 
2023-05-28 15:18:01,576 WARNING:biomolecule.py:1000:repair_heavy:Deleted this atom.
2023-05-28 15:18:01,578 WARNING:biomolecule.py:998:repair_heavy:Extra atom HN1 in CYS A 1288! - 
2023-05-28 15:18:01,579 WARNING:biomolecule.py:1000:repair_heavy:Deleted this atom.
2023-05-28 15:18:01,579 WARNING:biomolecule.py:998:repair_heavy:Extra atom HN2 in CYS A 1288! - 
2023-05-28 15:18:01,580 WARNING:biomolecule.py:1000:repair_heavy:Deleted this atom.
2023-05-28 15:18:01,581 WARNING:biomolecule.py:998:repair_heavy:Extra atom HN3 in CYS A 1288! - 
2023-05-28 15:18:01,581 WARNING:biomolecule.py:1000:repair_heavy:Deleted this atom.
2023-05-28 15:18:01,583 INFO:biomolecule.py:1052:repair_heavy:Added atom OXT to residue TYR A 1401 at coordinates -17.591, -16.376, -7.152
2023-05-28 15:18:01,583 INFO:main.py:622:non_trivial:Updating disulfide bridges.
2023-05-28 15:18:01,585 INFO:main.py:625:non_trivial:Debumping biomolecule.
2023-05-28 15:18:01,933 INFO:main.py:642:non_trivial:Adding hydrogens to biomolecule.
2023-05-28 15:18:01,941 INFO:main.py:645:non_trivial:Debumping biomolecule (again).
2023-05-28 15:18:02,371 INFO:main.py:647:non_trivial:Optimizing hydrogen bonds
2023-05-28 15:18:04,080 WARNING:debump.py:354:get_closest_atom:Skipped atom during water optimization: H2 in HOH  128 skipped when optimizing H2 in HOH  192
2023-05-28 15:18:04,083 WARNING:debump.py:354:get_closest_atom:Skipped atom during water optimization: H2 in HOH  128 skipped when optimizing H2 in HOH  192
2023-05-28 15:18:04,084 WARNING:debump.py:354:get_closest_atom:Skipped atom during water optimization: H2 in HOH  128 skipped when optimizing H2 in HOH  192
2023-05-28 15:18:04,089 WARNING:debump.py:354:get_closest_atom:Skipped atom during water optimization: H1 in HOH  30 skipped when optimizing H2 in HOH  192
2023-05-28 15:18:04,092 WARNING:debump.py:354:get_closest_atom:Skipped atom during water optimization: H1 in HOH  30 skipped when optimizing H2 in HOH  192
2023-05-28 15:18:04,094 WARNING:debump.py:354:get_closest_atom:Skipped atom during water optimization: H1 in HOH  30 skipped when optimizing H2 in HOH  192
2023-05-28 15:18:04,095 WARNING:debump.py:354:get_closest_atom:Skipped atom during water optimization: H1 in HOH  30 skipped when optimizing H2 in HOH  192
2023-05-28 15:18:04,097 WARNING:debump.py:354:get_closest_atom:Skipped atom during water optimization: H1 in HOH  30 skipped when optimizing H2 in HOH  192
2023-05-28 15:18:04,099 WARNING:debump.py:354:get_closest_atom:Skipped atom during water optimization: H1 in HOH  30 skipped when optimizing H2 in HOH  192
2023-05-28 15:18:04,101 WARNING:io.py:41:filter:Suppressing further "Skipped atom during water optimization" messages
2023-05-28 15:18:16,630 INFO:main.py:659:non_trivial:Applying force field to biomolecule states.
2023-05-28 15:18:16,648 INFO:main.py:706:non_trivial:Regenerating headers.
2023-05-28 15:18:16,651 INFO:main.py:731:non_trivial:Regenerating PDB lines.
2023-05-28 15:18:16,733 WARNING:main.py:312:print_pqr:Ignoring 391 header lines in output.
